<?xml version="1.0" encoding="UTF-8" ?>
<testsuite failures="1" time="1.664" errors="0" skipped="0" tests="1" name="org.eclipse.emf.eef.tests.nonreg.propertiesView.PViewMBotRedoSetReferenceAEOFCV">
  <properties>
    <property name="java.vendor" value="Sun Microsystems Inc."/>
    <property name="osgi.bundles.defaultStartLevel" value="4"/>
    <property name="org.eclipse.debug.ui.breakpoints.toggleFactoriesUsed" value="false"/>
    <property name="sun.java.launcher" value="SUN_STANDARD"/>
    <property name="org.osgi.supports.framework.extension" value="true"/>
    <property name="sun.management.compiler" value="HotSpot Tiered Compilers"/>
    <property name="os.name" value="Linux"/>
    <property name="sun.boot.class.path" value="/usr/lib/jvm/java-6-sun-1.6.0.26/jre/lib/resources.jar:/usr/lib/jvm/java-6-sun-1.6.0.26/jre/lib/rt.jar:/usr/lib/jvm/java-6-sun-1.6.0.26/jre/lib/sunrsasign.jar:/usr/lib/jvm/java-6-sun-1.6.0.26/jre/lib/jsse.jar:/usr/lib/jvm/java-6-sun-1.6.0.26/jre/lib/jce.jar:/usr/lib/jvm/java-6-sun-1.6.0.26/jre/lib/charsets.jar:/usr/lib/jvm/java-6-sun-1.6.0.26/jre/lib/modules/jdk.boot.jar:/usr/lib/jvm/java-6-sun-1.6.0.26/jre/classes"/>
    <property name="osgi.ws" value="gtk"/>
    <property name="sun.desktop" value="gnome"/>
    <property name="java.vm.specification.vendor" value="Sun Microsystems Inc."/>
    <property name="java.runtime.version" value="1.6.0_26-b03"/>
    <property name="osgi.instance.area" value="file:/home/glefur/Pro/repositories/org.eclipse.eef/tests/org.eclipse.emf.eef.tests.nonreg.junit/target/work/data/"/>
    <property name="org.osgi.framework.uuid" value="f08e017f-413a-0012-1c07-8d53fefa55a1"/>
    <property name="osgi.noShutdown" value="false"/>
    <property name="user.name" value="glefur"/>
    <property name="org.osgi.framework.system.packages" value="javax.accessibility,javax.activation,javax.activity,javax.annotation,javax.annotation.processing,javax.crypto,javax.crypto.interfaces,javax.crypto.spec,javax.imageio,javax.imageio.event,javax.imageio.metadata,javax.imageio.plugins.bmp,javax.imageio.plugins.jpeg,javax.imageio.spi,javax.imageio.stream,javax.jws,javax.jws.soap,javax.lang.model,javax.lang.model.element,javax.lang.model.type,javax.lang.model.util,javax.management,javax.management.loading,javax.management.modelmbean,javax.management.monitor,javax.management.openmbean,javax.management.relation,javax.management.remote,javax.management.remote.rmi,javax.management.timer,javax.naming,javax.naming.directory,javax.naming.event,javax.naming.ldap,javax.naming.spi,javax.net,javax.net.ssl,javax.print,javax.print.attribute,javax.print.attribute.standard,javax.print.event,javax.rmi,javax.rmi.CORBA,javax.rmi.ssl,javax.script,javax.security.auth,javax.security.auth.callback,javax.security.auth.kerberos,javax.security.auth.login,javax.security.auth.spi,javax.security.auth.x500,javax.security.cert,javax.security.sasl,javax.sound.midi,javax.sound.midi.spi,javax.sound.sampled,javax.sound.sampled.spi,javax.sql,javax.sql.rowset,javax.sql.rowset.serial,javax.sql.rowset.spi,javax.swing,javax.swing.border,javax.swing.colorchooser,javax.swing.event,javax.swing.filechooser,javax.swing.plaf,javax.swing.plaf.basic,javax.swing.plaf.metal,javax.swing.plaf.multi,javax.swing.plaf.synth,javax.swing.table,javax.swing.text,javax.swing.text.html,javax.swing.text.html.parser,javax.swing.text.rtf,javax.swing.tree,javax.swing.undo,javax.tools,javax.transaction,javax.transaction.xa,javax.xml,javax.xml.bind,javax.xml.bind.annotation,javax.xml.bind.annotation.adapters,javax.xml.bind.attachment,javax.xml.bind.helpers,javax.xml.bind.util,javax.xml.crypto,javax.xml.crypto.dom,javax.xml.crypto.dsig,javax.xml.crypto.dsig.dom,javax.xml.crypto.dsig.keyinfo,javax.xml.crypto.dsig.spec,javax.xml.datatype,javax.xml.namespace,javax.xml.parsers,javax.xml.soap,javax.xml.stream,javax.xml.stream.events,javax.xml.stream.util,javax.xml.transform,javax.xml.transform.dom,javax.xml.transform.sax,javax.xml.transform.stax,javax.xml.transform.stream,javax.xml.validation,javax.xml.ws,javax.xml.ws.handler,javax.xml.ws.handler.soap,javax.xml.ws.http,javax.xml.ws.soap,javax.xml.ws.spi,javax.xml.ws.wsaddressing,javax.xml.xpath,org.ietf.jgss,org.omg.CORBA,org.omg.CORBA_2_3,org.omg.CORBA_2_3.portable,org.omg.CORBA.DynAnyPackage,org.omg.CORBA.ORBPackage,org.omg.CORBA.portable,org.omg.CORBA.TypeCodePackage,org.omg.CosNaming,org.omg.CosNaming.NamingContextExtPackage,org.omg.CosNaming.NamingContextPackage,org.omg.Dynamic,org.omg.DynamicAny,org.omg.DynamicAny.DynAnyFactoryPackage,org.omg.DynamicAny.DynAnyPackage,org.omg.IOP,org.omg.IOP.CodecFactoryPackage,org.omg.IOP.CodecPackage,org.omg.Messaging,org.omg.PortableInterceptor,org.omg.PortableInterceptor.ORBInitInfoPackage,org.omg.PortableServer,org.omg.PortableServer.CurrentPackage,org.omg.PortableServer.POAManagerPackage,org.omg.PortableServer.POAPackage,org.omg.PortableServer.portable,org.omg.PortableServer.ServantLocatorPackage,org.omg.SendingContext,org.omg.stub.java.rmi,org.w3c.dom,org.w3c.dom.bootstrap,org.w3c.dom.css,org.w3c.dom.events,org.w3c.dom.html,org.w3c.dom.ls,org.w3c.dom.ranges,org.w3c.dom.stylesheets,org.w3c.dom.traversal,org.w3c.dom.views,org.w3c.dom.xpath,org.xml.sax,org.xml.sax.ext,org.xml.sax.helpers"/>
    <property name="equinox.use.ds" value="true"/>
    <property name="org.osgi.framework.language" value="fr"/>
    <property name="user.language" value="fr"/>
    <property name="org.osgi.framework.processor" value="x86"/>
    <property name="osgi.syspath" value="/home/glefur/.m2/repository/p2/osgi/bundle/org.eclipse.osgi/3.8.1.v20120830-144521"/>
    <property name="sun.boot.library.path" value="/usr/lib/jvm/java-6-sun-1.6.0.26/jre/lib/i386"/>
    <property name="osgi.manifest.cache" value="/home/glefur/Pro/repositories/org.eclipse.eef/tests/org.eclipse.emf.eef.tests.nonreg.junit/target/work/configuration/org.eclipse.osgi/manifests"/>
    <property name="org.osgi.framework.system.capabilities" value="osgi.ee; osgi.ee=&quot;OSGi/Minimum&quot;; version:List&lt;Version&gt;=&quot;1.0, 1.1, 1.2&quot;,osgi.ee; osgi.ee=&quot;JRE&quot;; version:List&lt;Version&gt;=&quot;1.0, 1.1&quot;,osgi.ee; osgi.ee=&quot;JavaSE&quot;; version:List&lt;Version&gt;=&quot;1.0, 1.1, 1.2, 1.3, 1.4, 1.5, 1.6&quot;"/>
    <property name="java.version" value="1.6.0_26"/>
    <property name="org.osgi.framework.os.name" value="Linux"/>
    <property name="user.timezone" value="Europe/Paris"/>
    <property name="sun.arch.data.model" value="32"/>
    <property name="osgi.bundles" value="reference:file:/home/glefur/.m2/repository/p2/osgi/bundle/com.jcraft.jsch/0.1.46.v201205102330/com.jcraft.jsch-0.1.46.v201205102330.jar,reference:file:/home/glefur/.m2/repository/p2/osgi/bundle/com.sun.el/2.2.0.v201108011116/com.sun.el-2.2.0.v201108011116.jar,reference:file:/home/glefur/.m2/repository/p2/osgi/bundle/javax.el/2.2.0.v201108011116/javax.el-2.2.0.v201108011116.jar,reference:file:/home/glefur/.m2/repository/p2/osgi/bundle/javax.servlet/3.0.0.v201112011016/javax.servlet-3.0.0.v201112011016.jar,reference:file:/home/glefur/.m2/repository/p2/osgi/bundle/com.thoughtworks.qdox/1.6.3.v20081201-1400/com.thoughtworks.qdox-1.6.3.v20081201-1400.jar,reference:file:/home/glefur/.m2/repository/p2/osgi/bundle/javax.annotation/1.0.0.v20101115-0725/javax.annotation-1.0.0.v20101115-0725.jar,reference:file:/home/glefur/.m2/repository/p2/osgi/bundle/javax.servlet.jsp/2.2.0.v201112011158/javax.servlet.jsp-2.2.0.v201112011158.jar,reference:file:/home/glefur/.m2/repository/p2/osgi/bundle/javax.xml/1.3.4.v201005080400/javax.xml-1.3.4.v201005080400.jar,reference:file:/home/glefur/.m2/repository/p2/osgi/bundle/org.apache.ant/1.8.3.v20120321-1730/org.apache.ant-1.8.3.v20120321-1730.jar,reference:file:/home/glefur/.m2/repository/p2/osgi/bundle/org.apache.batik.css/1.6.0.v201011041432/org.apache.batik.css-1.6.0.v201011041432.jar,reference:file:/home/glefur/.m2/repository/p2/osgi/bundle/org.apache.batik.util/1.6.0.v201011041432/org.apache.batik.util-1.6.0.v201011041432.jar,reference:file:/home/glefur/.m2/repository/p2/osgi/bundle/org.w3c.css.sac/1.3.1.v200903091627/org.w3c.css.sac-1.3.1.v200903091627.jar,reference:file:/home/glefur/.m2/repository/p2/osgi/bundle/org.w3c.dom.svg/1.1.0.v201011041433/org.w3c.dom.svg-1.1.0.v201011041433.jar,reference:file:/home/glefur/.m2/repository/p2/osgi/bundle/org.apache.batik.util.gui/1.6.0.v201011041432/org.apache.batik.util.gui-1.6.0.v201011041432.jar,reference:file:/home/glefur/.m2/repository/p2/osgi/bundle/org.apache.commons.codec/1.3.0.v201101211617/org.apache.commons.codec-1.3.0.v201101211617.jar,reference:file:/home/glefur/.m2/repository/p2/osgi/bundle/org.apache.commons.logging/1.0.4.v201101211617/org.apache.commons.logging-1.0.4.v201101211617.jar,reference:file:/home/glefur/.m2/repository/p2/osgi/bundle/org.apache.commons.httpclient/3.1.0.v201012070820/org.apache.commons.httpclient-3.1.0.v201012070820.jar,reference:file:/home/glefur/.m2/repository/p2/osgi/bundle/org.apache.felix.gogo.command/0.8.0.v201108120515/org.apache.felix.gogo.command-0.8.0.v201108120515.jar,reference:file:/home/glefur/.m2/repository/p2/osgi/bundle/org.apache.felix.gogo.runtime/0.8.0.v201108120515/org.apache.felix.gogo.runtime-0.8.0.v201108120515.jar,reference:file:/home/glefur/.m2/repository/p2/osgi/bundle/org.eclipse.osgi.services/3.3.100.v20120522-1822/org.eclipse.osgi.services-3.3.100.v20120522-1822.jar,reference:file:/home/glefur/.m2/repository/p2/osgi/bundle/org.apache.felix.gogo.shell/0.8.0.v201110170705/org.apache.felix.gogo.shell-0.8.0.v201110170705.jar,reference:file:/home/glefur/.m2/repository/p2/osgi/bundle/org.apache.jasper.glassfish/2.2.2.v201205150955/org.apache.jasper.glassfish-2.2.2.v201205150955.jar,reference:file:/home/glefur/.m2/repository/p2/osgi/bundle/org.apache.lucene/2.9.1.v201101211721/org.apache.lucene-2.9.1.v201101211721.jar,reference:file:/home/glefur/.m2/repository/p2/osgi/bundle/org.apache.lucene.core/2.9.1.v201101211721/org.apache.lucene.core-2.9.1.v201101211721.jar,reference:file:/home/glefur/.m2/repository/p2/osgi/bundle/org.apache.lucene.analysis/2.9.1.v201101211721/org.apache.lucene.analysis-2.9.1.v201101211721.jar,reference:file:/home/glefur/.m2/repository/p2/osgi/bundle/org.eclipse.emf.ecore.xmi/2.8.0.v20120911-0500/org.eclipse.emf.ecore.xmi-2.8.0.v20120911-0500.jar,reference:file:/home/glefur/.m2/repository/p2/osgi/bundle/org.eclipse.ocl.ecore/3.2.0.v20120522-1637/org.eclipse.ocl.ecore-3.2.0.v20120522-1637.jar,reference:file:/home/glefur/.m2/repository/p2/osgi/bundle/org.eclipse.core.runtime/3.8.0.v20120521-2346/org.eclipse.core.runtime-3.8.0.v20120521-2346.jar@4:start,reference:file:/home/glefur/.m2/repository/p2/osgi/bundle/org.eclipse.pde.core/3.8.0.v20120606-170547/org.eclipse.pde.core-3.8.0.v20120606-170547.jar,reference:file:/home/glefur/.m2/repository/p2/osgi/bundle/org.eclipse.core.resources/3.8.1.v20120802-154922/org.eclipse.core.resources-3.8.1.v20120802-154922.jar,reference:file:/home/glefur/.m2/repository/p2/osgi/bundle/org.eclipse.jdt.core/3.8.2.v20120814-155456/org.eclipse.jdt.core-3.8.2.v20120814-155456.jar,reference:file:/home/glefur/.m2/repository/p2/osgi/bundle/com.google.guava/10.0.1.v201203051515/com.google.guava-10.0.1.v201203051515.jar,reference:file:/home/glefur/.m2/repository/p2/osgi/bundle/org.eclipse.core.filesystem/1.3.200.v20120522-2012/org.eclipse.core.filesystem-1.3.200.v20120522-2012.jar,reference:file:/home/glefur/.m2/repository/p2/osgi/bundle/org.eclipse.acceleo.common/3.3.1.v20120831-0923/org.eclipse.acceleo.common-3.3.1.v20120831-0923.jar,reference:file:/home/glefur/.m2/repository/p2/osgi/bundle/org.eclipse.acceleo.model/3.3.1.v20120831-0923/org.eclipse.acceleo.model-3.3.1.v20120831-0923.jar,reference:file:/home/glefur/.m2/repository/p2/osgi/bundle/org.eclipse.acceleo.profiler/3.3.1.v20120831-0923/org.eclipse.acceleo.profiler-3.3.1.v20120831-0923.jar,reference:file:/home/glefur/.m2/repository/p2/osgi/bundle/org.eclipse.emf.codegen.ecore/2.8.0.v20120608-0554/org.eclipse.emf.codegen.ecore-2.8.0.v20120608-0554.jar,reference:file:/home/glefur/.m2/repository/p2/osgi/bundle/org.eclipse.swt/3.100.1.v4234e/org.eclipse.swt-3.100.1.v4234e.jar,reference:file:/home/glefur/.m2/repository/p2/osgi/bundle/org.eclipse.acceleo.engine/3.3.1.v20120831-0923/org.eclipse.acceleo.engine-3.3.1.v20120831-0923.jar,reference:file:/home/glefur/.m2/repository/p2/osgi/bundle/org.eclipse.emf.ecore/2.8.1.v20120911-0500/org.eclipse.emf.ecore-2.8.1.v20120911-0500.jar,reference:file:/home/glefur/.m2/repository/p2/osgi/bundle/org.eclipse.core.contenttype/3.4.200.v20120523-2004/org.eclipse.core.contenttype-3.4.200.v20120523-2004.jar,reference:file:/home/glefur/.m2/repository/p2/osgi/bundle/org.eclipse.ant.core/3.2.400.v20120523-1752/org.eclipse.ant.core-3.2.400.v20120523-1752.jar,reference:file:/home/glefur/.m2/repository/p2/osgi/bundle/org.eclipse.core.variables/3.2.600.v20120521-2012/org.eclipse.core.variables-3.2.600.v20120521-2012.jar,reference:file:/home/glefur/.m2/repository/p2/osgi/bundle/org.eclipse.ant.launching/1.0.200.v20120530-1204/org.eclipse.ant.launching-1.0.200.v20120530-1204.jar,reference:file:/home/glefur/.m2/repository/p2/osgi/bundle/org.eclipse.debug.core/3.7.100.v20120521-2012/org.eclipse.debug.core-3.7.100.v20120521-2012.jar,reference:file:/home/glefur/.m2/repository/p2/osgi/bundle/org.eclipse.jdt.launching/3.6.100.v20120523-1953/org.eclipse.jdt.launching-3.6.100.v20120523-1953.jar,reference:file:/home/glefur/.m2/repository/p2/osgi/bundle/org.eclipse.core.externaltools/1.0.100.v20120521-2012/org.eclipse.core.externaltools-1.0.100.v20120521-2012.jar,reference:file:/home/glefur/.m2/repository/p2/osgi/bundle/org.eclipse.text/3.5.200.v20120523-1310/org.eclipse.text-3.5.200.v20120523-1310.jar,reference:file:/home/glefur/.m2/repository/p2/osgi/bundle/com.ibm.icu/4.4.2.v20110823/com.ibm.icu-4.4.2.v20110823.jar,reference:file:/home/glefur/.m2/repository/p2/osgi/bundle/org.eclipse.ant.ui/3.5.300.v20120523-1752/org.eclipse.ant.ui-3.5.300.v20120523-1752.jar,reference:file:/home/glefur/.m2/repository/p2/osgi/bundle/org.eclipse.ui.externaltools/3.2.100.v20120530-1753/org.eclipse.ui.externaltools-3.2.100.v20120530-1753.jar,reference:file:/home/glefur/.m2/repository/p2/osgi/bundle/org.eclipse.ui/3.103.0.v20120705-114351/org.eclipse.ui-3.103.0.v20120705-114351.jar,reference:file:/home/glefur/.m2/repository/p2/osgi/bundle/org.eclipse.ui.console/3.5.100.v20120521-2012/org.eclipse.ui.console-3.5.100.v20120521-2012.jar,reference:file:/home/glefur/.m2/repository/p2/osgi/bundle/org.eclipse.debug.ui/3.8.1.v20120718-192144/org.eclipse.debug.ui-3.8.1.v20120718-192144.jar,reference:file:/home/glefur/.m2/repository/p2/osgi/bundle/org.eclipse.jdt.ui/3.8.1.v20120814-144251/org.eclipse.jdt.ui-3.8.1.v20120814-144251.jar,reference:file:/home/glefur/.m2/repository/p2/osgi/bundle/org.eclipse.jdt.debug.ui/3.6.100.v20120530-1425/org.eclipse.jdt.debug.ui-3.6.100.v20120530-1425.jar,reference:file:/home/glefur/.m2/repository/p2/osgi/bundle/org.eclipse.team.core/3.6.100.v20120524-0627/org.eclipse.team.core-3.6.100.v20120524-0627.jar,reference:file:/home/glefur/.m2/repository/p2/osgi/bundle/org.eclipse.ltk.core.refactoring/3.6.0.v20120523-1543/org.eclipse.ltk.core.refactoring-3.6.0.v20120523-1543.jar,reference:file:/home/glefur/.m2/repository/p2/osgi/bundle/org.eclipse.core.expressions/3.4.401.v20120627-124442/org.eclipse.core.expressions-3.4.401.v20120627-124442.jar,reference:file:/home/glefur/.m2/repository/p2/osgi/bundle/org.eclipse.jdt.junit/3.7.100.v20120523-1543/org.eclipse.jdt.junit-3.7.100.v20120523-1543.jar,reference:file:/home/glefur/.m2/repository/p2/osgi/bundle/org.eclipse.compare/3.5.300.v20120522-1148/org.eclipse.compare-3.5.300.v20120522-1148.jar,reference:file:/home/glefur/.m2/repository/p2/osgi/bundle/org.eclipse.jface.text/3.8.1.v20120828-155502/org.eclipse.jface.text-3.8.1.v20120828-155502.jar,reference:file:/home/glefur/.m2/repository/p2/osgi/bundle/org.eclipse.ui.ide/3.8.1.v20120828-165804/org.eclipse.ui.ide-3.8.1.v20120828-165804.jar,reference:file:/home/glefur/.m2/repository/p2/osgi/bundle/org.eclipse.ui.views/3.6.100.v20120705-114010/org.eclipse.ui.views-3.6.100.v20120705-114010.jar,reference:file:/home/glefur/.m2/repository/p2/osgi/bundle/org.eclipse.ui.workbench.texteditor/3.8.0.v20120523-1310/org.eclipse.ui.workbench.texteditor-3.8.0.v20120523-1310.jar,reference:file:/home/glefur/.m2/repository/p2/osgi/bundle/org.eclipse.ui.editors/3.8.0.v20120523-1540/org.eclipse.ui.editors-3.8.0.v20120523-1540.jar,reference:file:/home/glefur/.m2/repository/p2/osgi/bundle/org.eclipse.ui.forms/3.5.200.v20120705-114351/org.eclipse.ui.forms-3.5.200.v20120705-114351.jar,reference:file:/home/glefur/.m2/repository/p2/osgi/bundle/org.eclipse.compare.core/3.5.200.v20120522-1148/org.eclipse.compare.core-3.5.200.v20120522-1148.jar,reference:file:/home/glefur/.m2/repository/p2/osgi/bundle/org.eclipse.equinox.common/3.6.100.v20120522-1841/org.eclipse.equinox.common-3.6.100.v20120522-1841.jar@2:start,reference:file:/home/glefur/.m2/repository/p2/osgi/bundle/org.eclipse.core.commands/3.6.1.v20120814-150512/org.eclipse.core.commands-3.6.1.v20120814-150512.jar,reference:file:/home/glefur/.m2/repository/p2/osgi/bundle/org.eclipse.equinox.preferences/3.5.0.v20120522-1841/org.eclipse.equinox.preferences-3.5.0.v20120522-1841.jar,reference:file:/home/glefur/.m2/repository/p2/osgi/bundle/org.eclipse.equinox.registry/3.5.200.v20120522-1841/org.eclipse.equinox.registry-3.5.200.v20120522-1841.jar,reference:file:/home/glefur/.m2/repository/p2/osgi/bundle/org.eclipse.core.databinding/1.4.1.v20120521-2329/org.eclipse.core.databinding-1.4.1.v20120521-2329.jar,reference:file:/home/glefur/.m2/repository/p2/osgi/bundle/org.eclipse.core.databinding.observable/1.4.1.v20120521-2329/org.eclipse.core.databinding.observable-1.4.1.v20120521-2329.jar,reference:file:/home/glefur/.m2/repository/p2/osgi/bundle/org.eclipse.core.databinding.property/1.4.100.v20120523-1955/org.eclipse.core.databinding.property-1.4.100.v20120523-1955.jar,reference:file:/home/glefur/.m2/repository/p2/osgi/bundle/org.eclipse.core.databinding.beans/1.2.200.v20120523-1955/org.eclipse.core.databinding.beans-1.2.200.v20120523-1955.jar,reference:file:/home/glefur/.m2/repository/p2/osgi/bundle/org.eclipse.core.filebuffers/3.5.200.v20120523-1310/org.eclipse.core.filebuffers-3.5.200.v20120523-1310.jar,reference:file:/home/glefur/.m2/repository/p2/osgi/bundle/org.eclipse.core.filesystem.linux.x86/1.4.0.v20120522-1137/org.eclipse.core.filesystem.linux.x86-1.4.0.v20120522-1137.jar,reference:file:/home/glefur/.m2/repository/p2/osgi/bundle/org.eclipse.core.jobs/3.5.300.v20120622-204750/org.eclipse.core.jobs-3.5.300.v20120622-204750.jar,reference:file:/home/glefur/.m2/repository/p2/osgi/bundle/org.eclipse.core.net/1.2.200.v20120522-1148/org.eclipse.core.net-1.2.200.v20120522-1148.jar,reference:file:/home/glefur/.m2/repository/p2/osgi/bundle/org.eclipse.equinox.security/1.1.100.v20120522-1841/org.eclipse.equinox.security-1.1.100.v20120522-1841.jar,reference:file:/home/glefur/.m2/repository/p2/osgi/bundle/org.eclipse.core.net.linux.x86/1.1.200.v20120522-1148/org.eclipse.core.net.linux.x86-1.1.200.v20120522-1148.jar,reference:file:/home/glefur/.m2/repository/p2/osgi/bundle/org.eclipse.equinox.app/1.3.100.v20120522-1841/org.eclipse.equinox.app-1.3.100.v20120522-1841.jar,reference:file:/home/glefur/.m2/repository/p2/osgi/bundle/org.eclipse.core.runtime.compatibility/3.2.200.v20120521-2346/org.eclipse.core.runtime.compatibility-3.2.200.v20120521-2346.jar,reference:file:/home/glefur/.m2/repository/p2/osgi/bundle/org.eclipse.update.configurator/3.3.200.v20120523-1752/org.eclipse.update.configurator-3.3.200.v20120523-1752.jar@3:start,reference:file:/home/glefur/.m2/repository/p2/osgi/bundle/org.eclipse.core.runtime.compatibility.registry/3.5.100.v20120521-2346/org.eclipse.core.runtime.compatibility.registry-3.5.100.v20120521-2346.jar,reference:file:/home/glefur/.m2/repository/p2/osgi/bundle/org.eclipse.help/3.6.0.v20120521-2344/org.eclipse.help-3.6.0.v20120521-2344.jar,reference:file:/home/glefur/.m2/repository/p2/osgi/bundle/org.eclipse.e4.core.commands/0.10.1.v20120523-1955/org.eclipse.e4.core.commands-0.10.1.v20120523-1955.jar,reference:file:/home/glefur/.m2/repository/p2/osgi/bundle/org.eclipse.e4.core.di/1.1.0.v20120627-124443/org.eclipse.e4.core.di-1.1.0.v20120627-124443.jar,reference:file:/home/glefur/.m2/repository/p2/osgi/bundle/javax.inject/1.0.0.v20091030/javax.inject-1.0.0.v20091030.jar,reference:file:/home/glefur/.m2/repository/p2/osgi/bundle/org.eclipse.e4.core.contexts/1.1.0.v20120828-170404/org.eclipse.e4.core.contexts-1.1.0.v20120828-170404.jar,reference:file:/home/glefur/.m2/repository/p2/osgi/bundle/org.eclipse.e4.core.services/1.0.0.v20120521-2346/org.eclipse.e4.core.services-1.0.0.v20120521-2346.jar,reference:file:/home/glefur/.m2/repository/p2/osgi/bundle/org.eclipse.e4.core.di.extensions/0.11.0.v20120523-2004/org.eclipse.e4.core.di.extensions-0.11.0.v20120523-2004.jar,reference:file:/home/glefur/.m2/repository/p2/osgi/bundle/org.eclipse.e4.ui.model.workbench/0.10.1.v20120523-1955/org.eclipse.e4.ui.model.workbench-0.10.1.v20120523-1955.jar,reference:file:/home/glefur/.m2/repository/p2/osgi/bundle/org.w3c.dom.smil/1.0.0.v200806040011/org.w3c.dom.smil-1.0.0.v200806040011.jar,reference:file:/home/glefur/.m2/repository/p2/osgi/bundle/org.eclipse.e4.ui.di/0.10.1.v20120523-1955/org.eclipse.e4.ui.di-0.10.1.v20120523-1955.jar,reference:file:/home/glefur/.m2/repository/p2/osgi/bundle/org.eclipse.equinox.ds/1.4.0.v20120522-1841/org.eclipse.equinox.ds-1.4.0.v20120522-1841.jar@1:start,reference:file:/home/glefur/.m2/repository/p2/osgi/bundle/org.eclipse.equinox.event/1.2.200.v20120522-2049/org.eclipse.equinox.event-1.2.200.v20120522-2049.jar,reference:file:/home/glefur/.m2/repository/p2/osgi/bundle/org.eclipse.equinox.launcher/1.3.0.v20120522-1813/org.eclipse.equinox.launcher-1.3.0.v20120522-1813.jar,reference:file:/home/glefur/Pro/repositories/org.eclipse.eef/tests/org.eclipse.emf.eef.tests.nonreg.junit/target/work/plugins/org.eclipse.equinox.launcher.gtk.linux.x86_1.1.200.v20120522-1813,reference:file:/home/glefur/.m2/repository/p2/osgi/bundle/org.eclipse.equinox.util/1.0.400.v20120522-2049/org.eclipse.equinox.util-1.0.400.v20120522-2049.jar,reference:file:/home/glefur/.m2/repository/p2/osgi/bundle/org.eclipse.jface.databinding/1.6.0.v20120521-2329/org.eclipse.jface.databinding-1.6.0.v20120521-2329.jar,reference:file:/home/glefur/.m2/repository/p2/osgi/bundle/org.eclipse.e4.ui.workbench3/0.12.0.v20120521-2329/org.eclipse.e4.ui.workbench3-0.12.0.v20120521-2329.jar,reference:file:/home/glefur/.m2/repository/p2/osgi/bundle/org.eclipse.equinox.console/1.0.0.v20120522-1841/org.eclipse.equinox.console-1.0.0.v20120522-1841.jar,reference:file:/home/glefur/.m2/repository/p2/osgi/bundle/org.eclipse.equinox.bidi/0.9.0.v20120522-1841/org.eclipse.equinox.bidi-0.9.0.v20120522-1841.jar,reference:file:/home/glefur/.m2/repository/p2/osgi/bundle/org.eclipse.e4.ui.workbench.swt/0.10.2.v20120802-184737/org.eclipse.e4.ui.workbench.swt-0.10.2.v20120802-184737.jar,reference:file:/home/glefur/.m2/repository/p2/osgi/bundle/org.eclipse.e4.ui.bindings/0.10.1.v20120716-173435/org.eclipse.e4.ui.bindings-0.10.1.v20120716-173435.jar,reference:file:/home/glefur/.m2/repository/p2/osgi/bundle/org.eclipse.e4.ui.services/0.10.2.v20120726-172631/org.eclipse.e4.ui.services-0.10.2.v20120726-172631.jar,reference:file:/home/glefur/.m2/repository/p2/osgi/bundle/org.eclipse.e4.ui.workbench.renderers.swt/0.10.2.v20120814-175454/org.eclipse.e4.ui.workbench.renderers.swt-0.10.2.v20120814-175454.jar,reference:file:/home/glefur/.m2/repository/p2/osgi/bundle/org.eclipse.e4.ui.workbench/0.10.3.v20120822-140642/org.eclipse.e4.ui.workbench-0.10.3.v20120822-140642.jar,reference:file:/home/glefur/.m2/repository/p2/osgi/bundle/org.eclipse.e4.ui.css.core/0.10.2.v20120806-171245/org.eclipse.e4.ui.css.core-0.10.2.v20120806-171245.jar,reference:file:/home/glefur/.m2/repository/p2/osgi/bundle/org.eclipse.e4.ui.css.swt/0.10.2.v20120821-165957/org.eclipse.e4.ui.css.swt-0.10.2.v20120821-165957.jar,reference:file:/home/glefur/.m2/repository/p2/osgi/bundle/org.eclipse.e4.ui.css.swt.theme/0.9.3.v20120806-170624/org.eclipse.e4.ui.css.swt.theme-0.9.3.v20120806-170624.jar,reference:file:/home/glefur/.m2/repository/p2/osgi/bundle/org.eclipse.e4.ui.widgets/0.12.0.v20120905-175524/org.eclipse.e4.ui.widgets-0.12.0.v20120905-175524.jar,reference:file:/home/glefur/.m2/repository/p2/osgi/bundle/org.eclipse.equinox.simpleconfigurator/1.0.301.v20120828-033635/org.eclipse.equinox.simpleconfigurator-1.0.301.v20120828-033635.jar@1:start,reference:file:/home/glefur/.m2/repository/p2/osgi/bundle/org.eclipse.swt.gtk.linux.x86/3.100.1.v4234e/org.eclipse.swt.gtk.linux.x86-3.100.1.v4234e.jar,reference:file:/home/glefur/.m2/repository/p2/osgi/bundle/org.eclipse.jface/3.8.101.v20120817-083647/org.eclipse.jface-3.8.101.v20120817-083647.jar,reference:file:/home/glefur/.m2/repository/p2/osgi/bundle/org.eclipse.e4.ui.workbench.addons.swt/0.10.1.v20120827-151636/org.eclipse.e4.ui.workbench.addons.swt-0.10.1.v20120827-151636.jar,reference:file:/home/glefur/.m2/repository/p2/osgi/bundle/org.eclipse.emf.ecore.change/2.8.0.v20120911-0500/org.eclipse.emf.ecore.change-2.8.0.v20120911-0500.jar,reference:file:/home/glefur/.m2/repository/p2/osgi/bundle/org.eclipse.ecf.identity/3.1.200.v20120610-1946/org.eclipse.ecf.identity-3.1.200.v20120610-1946.jar,reference:file:/home/glefur/.m2/repository/p2/osgi/bundle/org.eclipse.equinox.concurrent/1.0.300.v20120522-2049/org.eclipse.equinox.concurrent-1.0.300.v20120522-2049.jar,reference:file:/home/glefur/.m2/repository/p2/osgi/bundle/org.eclipse.ecf/3.1.300.v20120610-1946/org.eclipse.ecf-3.1.300.v20120610-1946.jar,reference:file:/home/glefur/.m2/repository/p2/osgi/bundle/org.eclipse.ecf.filetransfer/5.0.0.v20120610-1946/org.eclipse.ecf.filetransfer-5.0.0.v20120610-1946.jar,reference:file:/home/glefur/.m2/repository/p2/osgi/bundle/org.eclipse.ecf.provider.filetransfer/3.2.0.v20120610-1946/org.eclipse.ecf.provider.filetransfer-3.2.0.v20120610-1946.jar,reference:file:/home/glefur/.m2/repository/p2/osgi/bundle/org.eclipse.ecf.provider.filetransfer.httpclient/4.0.200.v20120610-1946/org.eclipse.ecf.provider.filetransfer.httpclient-4.0.200.v20120610-1946.jar,reference:file:/home/glefur/.m2/repository/p2/osgi/bundle/org.eclipse.ecf.provider.filetransfer.httpclient.ssl/1.0.0.v20120610-1946/org.eclipse.ecf.provider.filetransfer.httpclient.ssl-1.0.0.v20120610-1946.jar,reference:file:/home/glefur/.m2/repository/p2/osgi/bundle/org.eclipse.ecf.provider.filetransfer.ssl/1.0.0.v20120610-1946/org.eclipse.ecf.provider.filetransfer.ssl-1.0.0.v20120610-1946.jar,reference:file:/home/glefur/.m2/repository/p2/osgi/bundle/org.eclipse.ecf.ssl/1.0.100.v20120610-1946/org.eclipse.ecf.ssl-1.0.100.v20120610-1946.jar,reference:file:/home/glefur/.m2/repository/p2/osgi/bundle/org.eclipse.emf.common/2.8.0.v20120911-0500/org.eclipse.emf.common-2.8.0.v20120911-0500.jar,reference:file:/home/glefur/.m2/repository/p2/osgi/bundle/org.eclipse.emf.codegen/2.8.0.v20120608-0554/org.eclipse.emf.codegen-2.8.0.v20120608-0554.jar,reference:file:/home/glefur/.m2/repository/p2/osgi/bundle/org.eclipse.emf.edit.ui/2.8.0.v20120608-0554/org.eclipse.emf.edit.ui-2.8.0.v20120608-0554.jar,reference:file:/home/glefur/.m2/repository/p2/osgi/bundle/org.eclipse.emf.ecore.edit/2.8.0.v20120608-0554/org.eclipse.emf.ecore.edit-2.8.0.v20120608-0554.jar,reference:file:/home/glefur/.m2/repository/p2/osgi/bundle/org.eclipse.emf.codegen.ecore.ui/2.8.0.v20120608-0554/org.eclipse.emf.codegen.ecore.ui-2.8.0.v20120608-0554.jar,reference:file:/home/glefur/.m2/repository/p2/osgi/bundle/org.eclipse.emf.common.ui/2.7.0.v20120608-0554/org.eclipse.emf.common.ui-2.7.0.v20120608-0554.jar,reference:file:/home/glefur/.m2/repository/p2/osgi/bundle/org.eclipse.emf.edit/2.8.0.v20120608-0554/org.eclipse.emf.edit-2.8.0.v20120608-0554.jar,reference:file:/home/glefur/.m2/repository/p2/osgi/bundle/org.eclipse.emf.compare/1.1.1.v201009150357/org.eclipse.emf.compare-1.1.1.v201009150357.jar,reference:file:/home/glefur/.m2/repository/p2/osgi/bundle/org.eclipse.emf.compare.match/1.1.1.v201009150357/org.eclipse.emf.compare.match-1.1.1.v201009150357.jar,reference:file:/home/glefur/.m2/repository/p2/osgi/bundle/org.eclipse.emf.compare.diff/1.1.1.v201009150357/org.eclipse.emf.compare.diff-1.1.1.v201009150357.jar,reference:file:/home/glefur/.m2/repository/p2/osgi/bundle/org.eclipse.emf.converter/2.5.0.v20120608-0554/org.eclipse.emf.converter-2.5.0.v20120608-0554.jar,reference:file:/home/glefur/.m2/repository/p2/osgi/bundle/org.eclipse.ui.workbench/3.103.1.v20120906-120042/org.eclipse.ui.workbench-3.103.1.v20120906-120042.jar,reference:file:/home/glefur/Pro/repositories/org.eclipse.eef/plugins/org.eclipse.emf.eef.codegen/target/org.eclipse.emf.eef.codegen-1.2.0-SNAPSHOT.jar,reference:file:/home/glefur/.m2/repository/p2/osgi/bundle/org.eclipse.ocl/3.2.0.v20120611-1210/org.eclipse.ocl-3.2.0.v20120611-1210.jar,reference:file:/home/glefur/Pro/repositories/org.eclipse.eef/plugins/org.eclipse.emf.eef.eefgen/target/org.eclipse.emf.eef.eefgen-1.2.0-SNAPSHOT.jar,reference:file:/home/glefur/Pro/repositories/org.eclipse.eef/plugins/org.eclipse.emf.eef.views/target/org.eclipse.emf.eef.views-1.2.0-SNAPSHOT.jar,reference:file:/home/glefur/Pro/repositories/org.eclipse.eef/plugins/org.eclipse.emf.eef.views.edit/target/org.eclipse.emf.eef.views.edit-1.2.0-SNAPSHOT.jar,reference:file:/home/glefur/Pro/repositories/org.eclipse.eef/plugins/org.eclipse.emf.eef.components/target/org.eclipse.emf.eef.components-1.2.0-SNAPSHOT.jar,reference:file:/home/glefur/Pro/repositories/org.eclipse.eef/plugins/org.eclipse.emf.eef.components.edit/target/org.eclipse.emf.eef.components.edit-1.2.0-SNAPSHOT.jar,reference:file:/home/glefur/.m2/repository/p2/osgi/bundle/org.eclipse.emf.importer.ecore/2.6.0.v20120608-0554/org.eclipse.emf.importer.ecore-2.6.0.v20120608-0554.jar,reference:file:/home/glefur/.m2/repository/p2/osgi/bundle/org.eclipse.emf.importer/2.7.0.v20120608-0554/org.eclipse.emf.importer-2.7.0.v20120608-0554.jar,reference:file:/home/glefur/.m2/repository/p2/osgi/bundle/org.eclipse.pde.ui/3.7.1.v20120824-102423/org.eclipse.pde.ui-3.7.1.v20120824-102423.jar,reference:file:/home/glefur/Pro/repositories/org.eclipse.eef/plugins/org.eclipse.emf.eef.codegen.launcher/target/org.eclipse.emf.eef.codegen.launcher-1.2.0-SNAPSHOT.jar,reference:file:/home/glefur/Pro/repositories/org.eclipse.eef/plugins/org.eclipse.emf.eef.codegen.ecore/target/org.eclipse.emf.eef.codegen.ecore-1.2.0-SNAPSHOT.jar,reference:file:/home/glefur/Pro/repositories/org.eclipse.eef/plugins/org.eclipse.emf.eef.branding/target/org.eclipse.emf.eef.branding-1.2.0-SNAPSHOT.jar,reference:file:/home/glefur/Pro/repositories/org.eclipse.eef/plugins/org.eclipse.emf.eef.codegen.extended/target/org.eclipse.emf.eef.codegen.extended-1.2.0-SNAPSHOT.jar,reference:file:/home/glefur/Pro/repositories/org.eclipse.eef/plugins/org.eclipse.emf.eef.runtime/target/org.eclipse.emf.eef.runtime-1.2.0-SNAPSHOT.jar,reference:file:/home/glefur/Pro/repositories/org.eclipse.eef/plugins/org.eclipse.emf.eef.editor.model/target/org.eclipse.emf.eef.editor.model-1.2.0-SNAPSHOT.jar,reference:file:/home/glefur/Pro/repositories/org.eclipse.eef/plugins/org.eclipse.emf.eef.runtime.extended/target/org.eclipse.emf.eef.runtime.extended-1.2.0-SNAPSHOT.jar,reference:file:/home/glefur/Pro/repositories/org.eclipse.eef/plugins/org.eclipse.emf.eef.mapping/target/org.eclipse.emf.eef.mapping-1.2.0-SNAPSHOT.jar,reference:file:/home/glefur/.m2/repository/p2/osgi/bundle/org.eclipse.emf.validation/1.4.0.v20100428-2315/org.eclipse.emf.validation-1.4.0.v20100428-2315.jar,reference:file:/home/glefur/Pro/repositories/org.eclipse.eef/plugins/org.eclipse.emf.eef.mapping.edit/target/org.eclipse.emf.eef.mapping.edit-1.2.0-SNAPSHOT.jar,reference:file:/home/glefur/Pro/repositories/org.eclipse.eef/plugins/org.eclipse.emf.eef.components.editor/target/org.eclipse.emf.eef.components.editor-1.2.0-SNAPSHOT.jar,reference:file:/home/glefur/Pro/repositories/org.eclipse.eef/doc/org.eclipse.emf.eef.doc/target/org.eclipse.emf.eef.doc-1.2.0-SNAPSHOT.jar,reference:file:/home/glefur/Pro/repositories/org.eclipse.eef/plugins/org.eclipse.emf.eef.views.editor/target/org.eclipse.emf.eef.views.editor-1.2.0-SNAPSHOT.jar,reference:file:/home/glefur/Pro/repositories/org.eclipse.eef/plugins/org.eclipse.emf.eef.eefgen.edit/target/org.eclipse.emf.eef.eefgen.edit-1.2.0-SNAPSHOT.jar,reference:file:/home/glefur/Pro/repositories/org.eclipse.eef/plugins/org.eclipse.emf.eef.eefgen.editor/target/org.eclipse.emf.eef.eefgen.editor-1.2.0-SNAPSHOT.jar,reference:file:/home/glefur/Pro/repositories/org.eclipse.eef/plugins/org.eclipse.emf.eef.modelingbot/target/org.eclipse.emf.eef.modelingbot-1.2.0-SNAPSHOT.jar,reference:file:/home/glefur/.m2/repository/p2/osgi/bundle/org.eclipse.swtbot.eclipse.finder/2.0.5.20111003_1754-3676ac8-dev-e36/org.eclipse.swtbot.eclipse.finder-2.0.5.20111003_1754-3676ac8-dev-e36.jar,reference:file:/home/glefur/.m2/repository/p2/osgi/bundle/org.eclipse.swtbot.swt.finder/2.0.5.20111003_1754-3676ac8-dev-e36/org.eclipse.swtbot.swt.finder-2.0.5.20111003_1754-3676ac8-dev-e36.jar,reference:file:/home/glefur/.m2/repository/p2/osgi/bundle/org.hamcrest/1.1.0.v20090501071000/org.hamcrest-1.1.0.v20090501071000.jar,reference:file:/home/glefur/Pro/repositories/org.eclipse.eef/tests/org.eclipse.emf.eef.tests.nonreg.junit/target/work/plugins/org.junit4_4.8.1.v20120523-1257,reference:file:/home/glefur/.m2/repository/p2/osgi/bundle/org.apache.log4j/1.2.15.v201012070815/org.apache.log4j-1.2.15.v201012070815.jar,reference:file:/home/glefur/.m2/repository/p2/osgi/bundle/org.eclipse.ui.views.properties.tabbed/3.5.300.v20120523-1955/org.eclipse.ui.views.properties.tabbed-3.5.300.v20120523-1955.jar,reference:file:/home/glefur/Pro/repositories/org.eclipse.eef/plugins/org.eclipse.emf.eef.runtime/target/org.eclipse.emf.eef.runtime-1.2.0-SNAPSHOT-sources.jar,reference:file:/home/glefur/Pro/repositories/org.eclipse.eef/plugins/org.eclipse.emf.eef.runtime.extended/target/org.eclipse.emf.eef.runtime.extended-1.2.0-SNAPSHOT-sources.jar,reference:file:/home/glefur/Pro/repositories/org.eclipse.eef/plugins/org.eclipse.emf.eef.codegen.extended/target/org.eclipse.emf.eef.codegen.extended-1.2.0-SNAPSHOT-sources.jar,reference:file:/home/glefur/Pro/repositories/org.eclipse.eef/plugins/org.eclipse.emf.eef.editor.model/target/org.eclipse.emf.eef.editor.model-1.2.0-SNAPSHOT-sources.jar,reference:file:/home/glefur/Pro/repositories/org.eclipse.eef/plugins/org.eclipse.emf.eef.codegen.ecore/target/org.eclipse.emf.eef.codegen.ecore-1.2.0-SNAPSHOT-sources.jar,reference:file:/home/glefur/Pro/repositories/org.eclipse.eef/plugins/org.eclipse.emf.eef.codegen/target/org.eclipse.emf.eef.codegen-1.2.0-SNAPSHOT-sources.jar,reference:file:/home/glefur/Pro/repositories/org.eclipse.eef/plugins/org.eclipse.emf.eef.components/target/org.eclipse.emf.eef.components-1.2.0-SNAPSHOT-sources.jar,reference:file:/home/glefur/Pro/repositories/org.eclipse.eef/plugins/org.eclipse.emf.eef.components.edit/target/org.eclipse.emf.eef.components.edit-1.2.0-SNAPSHOT-sources.jar,reference:file:/home/glefur/Pro/repositories/org.eclipse.eef/plugins/org.eclipse.emf.eef.components.editor/target/org.eclipse.emf.eef.components.editor-1.2.0-SNAPSHOT-sources.jar,reference:file:/home/glefur/Pro/repositories/org.eclipse.eef/plugins/org.eclipse.emf.eef.mapping/target/org.eclipse.emf.eef.mapping-1.2.0-SNAPSHOT-sources.jar,reference:file:/home/glefur/Pro/repositories/org.eclipse.eef/plugins/org.eclipse.emf.eef.mapping.edit/target/org.eclipse.emf.eef.mapping.edit-1.2.0-SNAPSHOT-sources.jar,reference:file:/home/glefur/Pro/repositories/org.eclipse.eef/plugins/org.eclipse.emf.eef.views/target/org.eclipse.emf.eef.views-1.2.0-SNAPSHOT-sources.jar,reference:file:/home/glefur/Pro/repositories/org.eclipse.eef/plugins/org.eclipse.emf.eef.views.edit/target/org.eclipse.emf.eef.views.edit-1.2.0-SNAPSHOT-sources.jar,reference:file:/home/glefur/Pro/repositories/org.eclipse.eef/plugins/org.eclipse.emf.eef.views.editor/target/org.eclipse.emf.eef.views.editor-1.2.0-SNAPSHOT-sources.jar,reference:file:/home/glefur/Pro/repositories/org.eclipse.eef/plugins/org.eclipse.emf.eef.eefgen/target/org.eclipse.emf.eef.eefgen-1.2.0-SNAPSHOT-sources.jar,reference:file:/home/glefur/Pro/repositories/org.eclipse.eef/plugins/org.eclipse.emf.eef.eefgen.edit/target/org.eclipse.emf.eef.eefgen.edit-1.2.0-SNAPSHOT-sources.jar,reference:file:/home/glefur/Pro/repositories/org.eclipse.eef/plugins/org.eclipse.emf.eef.eefgen.editor/target/org.eclipse.emf.eef.eefgen.editor-1.2.0-SNAPSHOT-sources.jar,reference:file:/home/glefur/Pro/repositories/org.eclipse.eef/doc/org.eclipse.emf.eef.doc/target/org.eclipse.emf.eef.doc-1.2.0-SNAPSHOT-sources.jar,reference:file:/home/glefur/Pro/repositories/org.eclipse.eef/tests/org.eclipse.emf.eef.tests.nonreg/target/org.eclipse.emf.eef.tests.nonreg-1.2.0-SNAPSHOT.jar,reference:file:/home/glefur/Pro/repositories/org.eclipse.eef/tests/org.eclipse.emf.eef.tests.nonreg.edit/target/org.eclipse.emf.eef.tests.nonreg.edit-1.2.0-SNAPSHOT.jar,reference:file:/home/glefur/Pro/repositories/org.eclipse.eef/tests/org.eclipse.emf.eef.tests.nonreg.editor/target/org.eclipse.emf.eef.tests.nonreg.editor-1.2.0-SNAPSHOT.jar,reference:file:/home/glefur/Pro/repositories/org.eclipse.eef/tests/org.eclipse.emf.eef.tests.nonreg.junit,reference:file:/home/glefur/.m2/repository/p2/osgi/bundle/org.eclipse.equinox.frameworkadmin/2.0.100.v20120606-175127/org.eclipse.equinox.frameworkadmin-2.0.100.v20120606-175127.jar,reference:file:/home/glefur/.m2/repository/p2/osgi/bundle/org.eclipse.equinox.frameworkadmin.equinox/1.0.400.v20120428-0117/org.eclipse.equinox.frameworkadmin.equinox-1.0.400.v20120428-0117.jar,reference:file:/home/glefur/.m2/repository/p2/osgi/bundle/org.eclipse.equinox.http.jetty/3.0.0.v20120522-1841/org.eclipse.equinox.http.jetty-3.0.0.v20120522-1841.jar,reference:file:/home/glefur/.m2/repository/p2/osgi/bundle/org.eclipse.equinox.http.servlet/1.1.300.v20120522-1841/org.eclipse.equinox.http.servlet-1.1.300.v20120522-1841.jar,reference:file:/home/glefur/.m2/repository/p2/osgi/bundle/org.eclipse.jetty.http/8.1.3.v20120522/org.eclipse.jetty.http-8.1.3.v20120522.jar,reference:file:/home/glefur/.m2/repository/p2/osgi/bundle/org.eclipse.jetty.io/8.1.3.v20120522/org.eclipse.jetty.io-8.1.3.v20120522.jar,reference:file:/home/glefur/.m2/repository/p2/osgi/bundle/org.eclipse.jetty.server/8.1.3.v20120522/org.eclipse.jetty.server-8.1.3.v20120522.jar,reference:file:/home/glefur/.m2/repository/p2/osgi/bundle/org.eclipse.jetty.servlet/8.1.3.v20120522/org.eclipse.jetty.servlet-8.1.3.v20120522.jar,reference:file:/home/glefur/.m2/repository/p2/osgi/bundle/org.eclipse.jetty.util/8.1.3.v20120522/org.eclipse.jetty.util-8.1.3.v20120522.jar,reference:file:/home/glefur/.m2/repository/p2/osgi/bundle/org.eclipse.equinox.http.registry/1.1.200.v20120522-2049/org.eclipse.equinox.http.registry-1.1.200.v20120522-2049.jar,reference:file:/home/glefur/.m2/repository/p2/osgi/bundle/org.eclipse.equinox.jsp.jasper/1.0.400.v20120522-2049/org.eclipse.equinox.jsp.jasper-1.0.400.v20120522-2049.jar,reference:file:/home/glefur/.m2/repository/p2/osgi/bundle/org.eclipse.equinox.jsp.jasper.registry/1.0.300.v20120522-2049/org.eclipse.equinox.jsp.jasper.registry-1.0.300.v20120522-2049.jar,reference:file:/home/glefur/.m2/repository/p2/osgi/bundle/org.eclipse.equinox.p2.artifact.repository/1.1.200.v20120430-1959/org.eclipse.equinox.p2.artifact.repository-1.1.200.v20120430-1959.jar,reference:file:/home/glefur/.m2/repository/p2/osgi/bundle/org.eclipse.equinox.p2.metadata/2.1.0.v20120430-2001/org.eclipse.equinox.p2.metadata-2.1.0.v20120430-2001.jar,reference:file:/home/glefur/.m2/repository/p2/osgi/bundle/org.eclipse.equinox.p2.core/2.2.0.v20120430-0525/org.eclipse.equinox.p2.core-2.2.0.v20120430-0525.jar,reference:file:/home/glefur/.m2/repository/p2/osgi/bundle/org.eclipse.equinox.p2.jarprocessor/1.0.200.v20110808-1657/org.eclipse.equinox.p2.jarprocessor-1.0.200.v20110808-1657.jar,reference:file:/home/glefur/.m2/repository/p2/osgi/bundle/org.eclipse.equinox.p2.repository/2.2.0.v20120524-1945/org.eclipse.equinox.p2.repository-2.2.0.v20120524-1945.jar,reference:file:/home/glefur/.m2/repository/p2/osgi/bundle/org.eclipse.equinox.p2.console/1.0.300.v20120429-0125/org.eclipse.equinox.p2.console-1.0.300.v20120429-0125.jar,reference:file:/home/glefur/.m2/repository/p2/osgi/bundle/org.eclipse.equinox.p2.director/2.2.0.v20120524-0542/org.eclipse.equinox.p2.director-2.2.0.v20120524-0542.jar,reference:file:/home/glefur/.m2/repository/p2/osgi/bundle/org.eclipse.equinox.p2.engine/2.2.0.v20120501-1502/org.eclipse.equinox.p2.engine-2.2.0.v20120501-1502.jar,reference:file:/home/glefur/.m2/repository/p2/osgi/bundle/org.eclipse.equinox.p2.garbagecollector/1.0.200.v20110808-1657/org.eclipse.equinox.p2.garbagecollector-1.0.200.v20110808-1657.jar,reference:file:/home/glefur/.m2/repository/p2/osgi/bundle/org.eclipse.equinox.p2.metadata.repository/1.2.100.v20120524-1717/org.eclipse.equinox.p2.metadata.repository-1.2.100.v20120524-1717.jar,reference:file:/home/glefur/.m2/repository/p2/osgi/bundle/org.eclipse.equinox.p2.touchpoint.eclipse/2.1.100.v20120428-0117/org.eclipse.equinox.p2.touchpoint.eclipse-2.1.100.v20120428-0117.jar,reference:file:/home/glefur/.m2/repository/p2/osgi/bundle/org.eclipse.equinox.p2.touchpoint.natives/1.1.0.v20120524-0542/org.eclipse.equinox.p2.touchpoint.natives-1.1.0.v20120524-0542.jar,reference:file:/home/glefur/.m2/repository/p2/osgi/bundle/org.eclipse.equinox.simpleconfigurator.manipulator/2.0.0.v20110808-1657/org.eclipse.equinox.simpleconfigurator.manipulator-2.0.0.v20110808-1657.jar,reference:file:/home/glefur/.m2/repository/p2/osgi/bundle/org.sat4j.core/2.3.0.v20110329/org.sat4j.core-2.3.0.v20110329.jar,reference:file:/home/glefur/.m2/repository/p2/osgi/bundle/org.sat4j.pb/2.3.0.v20110329/org.sat4j.pb-2.3.0.v20110329.jar,reference:file:/home/glefur/.m2/repository/p2/osgi/bundle/org.eclipse.equinox.p2.ql/2.0.100.v20110808-1657/org.eclipse.equinox.p2.ql-2.0.100.v20110808-1657.jar,reference:file:/home/glefur/.m2/repository/p2/osgi/bundle/org.eclipse.equinox.p2.transport.ecf/1.0.100.v20120305-0333/org.eclipse.equinox.p2.transport.ecf-1.0.100.v20120305-0333.jar,reference:file:/home/glefur/.m2/repository/p2/osgi/bundle/org.eclipse.equinox.p2.operations/2.2.0.v20120524-0542/org.eclipse.equinox.p2.operations-2.2.0.v20120524-0542.jar,reference:file:/home/glefur/.m2/repository/p2/osgi/bundle/org.eclipse.equinox.p2.director.app/1.0.300.v20120428-0517/org.eclipse.equinox.p2.director.app-1.0.300.v20120428-0517.jar,reference:file:/home/glefur/.m2/repository/p2/osgi/bundle/org.eclipse.equinox.p2.directorywatcher/1.0.300.v20110808-1657/org.eclipse.equinox.p2.directorywatcher-1.0.300.v20110808-1657.jar,reference:file:/home/glefur/.m2/repository/p2/osgi/bundle/org.eclipse.equinox.p2.publisher/1.2.0.v20120428-0117/org.eclipse.equinox.p2.publisher-1.2.0.v20120428-0117.jar,reference:file:/home/glefur/.m2/repository/p2/osgi/bundle/org.eclipse.equinox.p2.publisher.eclipse/1.1.0.v20120511-1931/org.eclipse.equinox.p2.publisher.eclipse-1.1.0.v20120511-1931.jar,reference:file:/home/glefur/.m2/repository/p2/osgi/bundle/org.eclipse.equinox.p2.extensionlocation/1.2.100.v20110808-1657/org.eclipse.equinox.p2.extensionlocation-1.2.100.v20110808-1657.jar,reference:file:/home/glefur/.m2/repository/p2/osgi/bundle/org.eclipse.equinox.p2.reconciler.dropins/1.1.200.v20120301-2145/org.eclipse.equinox.p2.reconciler.dropins-1.1.200.v20120301-2145.jar,reference:file:/home/glefur/.m2/repository/p2/osgi/bundle/org.eclipse.equinox.p2.repository.tools/2.0.100.v20120501-1314/org.eclipse.equinox.p2.repository.tools-2.0.100.v20120501-1314.jar,reference:file:/home/glefur/.m2/repository/p2/osgi/bundle/org.eclipse.equinox.p2.ui/2.2.0.v20120524-0542/org.eclipse.equinox.p2.ui-2.2.0.v20120524-0542.jar,reference:file:/home/glefur/.m2/repository/p2/osgi/bundle/org.eclipse.equinox.p2.ui.sdk.scheduler/1.1.0.v20110815-1744/org.eclipse.equinox.p2.ui.sdk.scheduler-1.1.0.v20110815-1744.jar,reference:file:/home/glefur/.m2/repository/p2/osgi/bundle/org.eclipse.equinox.p2.updatechecker/1.1.200.v20110808-1657/org.eclipse.equinox.p2.updatechecker-1.1.200.v20110808-1657.jar,reference:file:/home/glefur/.m2/repository/p2/osgi/bundle/org.eclipse.equinox.security.ui/1.1.100.v20120522-2049/org.eclipse.equinox.security.ui-1.1.100.v20120522-2049.jar,reference:file:/home/glefur/.m2/repository/p2/osgi/bundle/org.eclipse.equinox.p2.ui.sdk/1.0.200.v20120515-1650/org.eclipse.equinox.p2.ui.sdk-1.0.200.v20120515-1650.jar,reference:file:/home/glefur/.m2/repository/p2/osgi/bundle/org.eclipse.equinox.p2.ui.importexport/1.0.1.v20110818-1344/org.eclipse.equinox.p2.ui.importexport-1.0.1.v20110818-1344.jar,reference:file:/home/glefur/.m2/repository/p2/osgi/bundle/org.eclipse.equinox.p2.updatesite/1.0.400.v20120412-1615/org.eclipse.equinox.p2.updatesite-1.0.400.v20120412-1615.jar,reference:file:/home/glefur/.m2/repository/p2/osgi/bundle/org.eclipse.help.base/3.6.100.v201209141800/org.eclipse.help.base-3.6.100.v201209141800.jar,reference:file:/home/glefur/.m2/repository/p2/osgi/bundle/org.eclipse.help.ui/3.5.200.v20120521-2344/org.eclipse.help.ui-3.5.200.v20120521-2344.jar,reference:file:/home/glefur/.m2/repository/p2/osgi/bundle/org.eclipse.jetty.continuation/8.1.3.v20120522/org.eclipse.jetty.continuation-8.1.3.v20120522.jar,reference:file:/home/glefur/.m2/repository/p2/osgi/bundle/org.eclipse.jetty.security/8.1.3.v20120522/org.eclipse.jetty.security-8.1.3.v20120522.jar,reference:file:/home/glefur/.m2/repository/p2/osgi/bundle/org.eclipse.help.webapp/3.6.101.v20120717-130216/org.eclipse.help.webapp-3.6.101.v20120717-130216.jar,reference:file:/home/glefur/.m2/repository/p2/osgi/bundle/org.eclipse.ui.intro/3.4.200.v20120521-2344/org.eclipse.ui.intro-3.4.200.v20120521-2344.jar,reference:file:/home/glefur/.m2/repository/p2/osgi/bundle/org.eclipse.ui.cheatsheets/3.4.200.v20120521-2344/org.eclipse.ui.cheatsheets-3.4.200.v20120521-2344.jar,reference:file:/home/glefur/.m2/repository/p2/osgi/bundle/org.eclipse.jdt/3.8.0.v201209141800/org.eclipse.jdt-3.8.0.v201209141800.jar,reference:file:/home/glefur/.m2/repository/p2/osgi/bundle/org.eclipse.jdt.apt.core/3.3.500.v20120522-1651/org.eclipse.jdt.apt.core-3.3.500.v20120522-1651.jar,reference:file:/home/glefur/.m2/repository/p2/osgi/bundle/org.eclipse.jdt.apt.pluggable.core/1.0.400.v20120522-1651/org.eclipse.jdt.apt.pluggable.core-1.0.400.v20120522-1651.jar,reference:file:/home/glefur/.m2/repository/p2/osgi/bundle/org.eclipse.jdt.compiler.tool/1.0.101.v20120522-1651/org.eclipse.jdt.compiler.tool-1.0.101.v20120522-1651.jar,reference:file:/home/glefur/.m2/repository/p2/osgi/bundle/org.eclipse.jdt.compiler.apt/1.0.500.v20120522-1651/org.eclipse.jdt.compiler.apt-1.0.500.v20120522-1651.jar,reference:file:/home/glefur/.m2/repository/p2/osgi/bundle/org.eclipse.jdt.apt.ui/3.3.300.v20120522-1651/org.eclipse.jdt.apt.ui-3.3.300.v20120522-1651.jar,reference:file:/home/glefur/.m2/repository/p2/osgi/bundle/org.eclipse.jdt.core.manipulation/1.5.0.v20120523-1543/org.eclipse.jdt.core.manipulation-1.5.0.v20120523-1543.jar,reference:file:/home/glefur/Pro/repositories/org.eclipse.eef/tests/org.eclipse.emf.eef.tests.nonreg.junit/target/work/plugins/org.eclipse.jdt.debug_3.7.101.v20120725-115645,reference:file:/home/glefur/.m2/repository/p2/osgi/bundle/org.eclipse.search/3.8.0.v20120523-1540/org.eclipse.search-3.8.0.v20120523-1540.jar,reference:file:/home/glefur/.m2/repository/p2/osgi/bundle/org.eclipse.jdt.junit.core/3.7.100.v20120523-1257/org.eclipse.jdt.junit.core-3.7.100.v20120523-1257.jar,reference:file:/home/glefur/.m2/repository/p2/osgi/bundle/org.eclipse.jdt.junit.runtime/3.4.300.v20120523-1257/org.eclipse.jdt.junit.runtime-3.4.300.v20120523-1257.jar,reference:file:/home/glefur/.m2/repository/p2/osgi/bundle/org.eclipse.jdt.junit4.runtime/1.1.200.v20120523-1257/org.eclipse.jdt.junit4.runtime-1.1.200.v20120523-1257.jar,reference:file:/home/glefur/.m2/repository/p2/osgi/bundle/org.junit/4.10.0.v4_10_0_v20120426-0900/org.junit-4.10.0.v4_10_0_v20120426-0900.jar,reference:file:/home/glefur/.m2/repository/p2/osgi/bundle/org.junit/3.8.2.v3_8_2_v20100427-1100/org.junit-3.8.2.v3_8_2_v20100427-1100.jar,reference:file:/home/glefur/.m2/repository/p2/osgi/bundle/org.hamcrest.core/1.1.0.v20090501071000/org.hamcrest.core-1.1.0.v20090501071000.jar,reference:file:/home/glefur/.m2/repository/p2/osgi/bundle/org.eclipse.jdt.annotation/1.0.0.v20120728-095341/org.eclipse.jdt.annotation-1.0.0.v20120728-095341.jar,reference:file:/home/glefur/.m2/repository/p2/osgi/bundle/org.eclipse.jdt.doc.user/3.8.1.v20120829-072811/org.eclipse.jdt.doc.user-3.8.1.v20120829-072811.jar,reference:file:/home/glefur/.m2/repository/p2/osgi/bundle/org.eclipse.ltk.ui.refactoring/3.7.0.v20120523-1543/org.eclipse.ltk.ui.refactoring-3.7.0.v20120523-1543.jar,reference:file:/home/glefur/.m2/repository/p2/osgi/bundle/org.eclipse.team.ui/3.6.200.v20120522-1148/org.eclipse.team.ui-3.6.200.v20120522-1148.jar,reference:file:/home/glefur/.m2/repository/p2/osgi/bundle/org.eclipse.ui.navigator/3.5.200.v20120705-114103/org.eclipse.ui.navigator-3.5.200.v20120705-114103.jar,reference:file:/home/glefur/.m2/repository/p2/osgi/bundle/org.eclipse.ui.navigator.resources/3.4.400.v20120705-114010/org.eclipse.ui.navigator.resources-3.4.400.v20120705-114010.jar,reference:file:/home/glefur/.m2/repository/p2/osgi/bundle/org.eclipse.jsch.core/1.1.400.v20120522-1148/org.eclipse.jsch.core-1.1.400.v20120522-1148.jar,reference:file:/home/glefur/.m2/repository/p2/osgi/bundle/org.eclipse.jsch.ui/1.1.400.v20120522-1148/org.eclipse.jsch.ui-1.1.400.v20120522-1148.jar,reference:file:/home/glefur/.m2/repository/p2/osgi/bundle/lpg.runtime.java/2.0.17.v201004271640/lpg.runtime.java-2.0.17.v201004271640.jar,reference:file:/home/glefur/.m2/repository/p2/osgi/bundle/org.eclipse.ocl.common/1.0.0.v20120516-1543/org.eclipse.ocl.common-1.0.0.v20120516-1543.jar,reference:file:/home/glefur/.m2/repository/p2/osgi/bundle/org.eclipse.osgi.util/3.2.300.v20120522-1822/org.eclipse.osgi.util-3.2.300.v20120522-1822.jar,reference:file:/home/glefur/.m2/repository/p2/osgi/bundle/org.eclipse.pde.api.tools/1.0.400.v20120523-2012/org.eclipse.pde.api.tools-1.0.400.v20120523-2012.jar,reference:file:/home/glefur/.m2/repository/p2/osgi/bundle/org.objectweb.asm/3.3.1.v201105211655/org.objectweb.asm-3.3.1.v201105211655.jar,reference:file:/home/glefur/.m2/repository/p2/osgi/bundle/org.eclipse.pde.api.tools.ui/1.0.400.v20120523-2012/org.eclipse.pde.api.tools.ui-1.0.400.v20120523-2012.jar,reference:file:/home/glefur/.m2/repository/p2/osgi/bundle/org.eclipse.ui.trace/1.0.1.v20120814-165841/org.eclipse.ui.trace-1.0.1.v20120814-165841.jar,reference:file:/home/glefur/Pro/repositories/org.eclipse.eef/tests/org.eclipse.emf.eef.tests.nonreg.junit/target/work/plugins/org.eclipse.pde.build_3.8.1.v20120725-202643,reference:file:/home/glefur/.m2/repository/p2/osgi/bundle/org.eclipse.pde.ds.core/1.0.200.v20120530-1435/org.eclipse.pde.ds.core-1.0.200.v20120530-1435.jar,reference:file:/home/glefur/.m2/repository/p2/osgi/bundle/org.eclipse.pde.ds.ui/1.0.200.v20120530-1435/org.eclipse.pde.ds.ui-1.0.200.v20120530-1435.jar,reference:file:/home/glefur/.m2/repository/p2/osgi/bundle/org.eclipse.pde.junit.runtime/3.4.200.v20120530-1435/org.eclipse.pde.junit.runtime-3.4.200.v20120530-1435.jar,reference:file:/home/glefur/.m2/repository/p2/osgi/bundle/org.eclipse.pde.runtime/3.4.300.v20120523-1453/org.eclipse.pde.runtime-3.4.300.v20120523-1453.jar,reference:file:/home/glefur/.m2/repository/p2/osgi/bundle/org.eclipse.pde.ui.templates/3.4.500.v20120523-2012/org.eclipse.pde.ui.templates-3.4.500.v20120523-2012.jar,reference:file:/home/glefur/.m2/repository/p2/osgi/bundle/org.eclipse.ui.views.log/1.0.300.v20120530-1435/org.eclipse.ui.views.log-1.0.300.v20120530-1435.jar,reference:file:/home/glefur/.m2/repository/p2/osgi/bundle/org.eclipse.pde.launching/3.6.100.v20120605-203027/org.eclipse.pde.launching-3.6.100.v20120605-203027.jar,reference:file:/home/glefur/.m2/repository/p2/osgi/bundle/org.eclipse.pde.ua.core/1.0.200.v20120530-1435/org.eclipse.pde.ua.core-1.0.200.v20120530-1435.jar,reference:file:/home/glefur/.m2/repository/p2/osgi/bundle/org.eclipse.pde.ua.ui/1.0.200.v20120523-1453/org.eclipse.pde.ua.ui-1.0.200.v20120523-1453.jar,reference:file:/home/glefur/.m2/repository/p2/osgi/bundle/org.eclipse.pde/3.7.0.v201209141800/org.eclipse.pde-3.7.0.v201209141800.jar,reference:file:/home/glefur/.m2/repository/p2/osgi/bundle/org.eclipse.pde.doc.user/3.8.1.v20120726-140618/org.eclipse.pde.doc.user-3.8.1.v20120726-140618.jar,reference:file:/home/glefur/.m2/repository/p2/osgi/bundle/org.eclipse.platform/4.2.1.v201209141800/org.eclipse.platform-4.2.1.v201209141800.jar,reference:file:/home/glefur/.m2/repository/p2/osgi/bundle/org.eclipse.platform.doc.user/4.2.0.v20120829-072800/org.eclipse.platform.doc.user-4.2.0.v20120829-072800.jar,reference:file:/home/glefur/.m2/repository/p2/osgi/bundle/org.eclipse.ui.intro.universal/3.2.600.v20120521-2344/org.eclipse.ui.intro.universal-3.2.600.v20120521-2344.jar,reference:file:/home/glefur/.m2/repository/p2/osgi/bundle/org.eclipse.ui.ide.application/1.0.400.v20120523-1955/org.eclipse.ui.ide.application-1.0.400.v20120523-1955.jar,reference:file:/home/glefur/.m2/repository/p2/osgi/bundle/org.eclipse.ui.browser/3.4.0.v20120716-173435/org.eclipse.ui.browser-3.4.0.v20120716-173435.jar,reference:file:/home/glefur/.m2/repository/p2/osgi/bundle/org.eclipse.ui.net/1.2.101.v20120801-152207/org.eclipse.ui.net-1.2.101.v20120801-152207.jar,reference:file:/home/glefur/.m2/repository/p2/osgi/bundle/org.eclipse.rcp/4.2.0.v201209141800/org.eclipse.rcp-4.2.0.v201209141800.jar,reference:file:/home/glefur/.m2/repository/p2/osgi/bundle/org.hamcrest.library/1.1.0.v20090501071000/org.hamcrest.library-1.1.0.v20090501071000.jar,reference:file:/home/glefur/.m2/repository/p2/osgi/bundle/org.hamcrest.integration/1.1.0.v20090501071000/org.hamcrest.integration-1.1.0.v20090501071000.jar,reference:file:/home/glefur/.m2/repository/p2/osgi/bundle/org.hamcrest.generator/1.1.0.v20090501071000/org.hamcrest.generator-1.1.0.v20090501071000.jar,reference:file:/home/glefur/.m2/repository/p2/osgi/bundle/org.hamcrest.text/1.1.0.v20090501071000/org.hamcrest.text-1.1.0.v20090501071000.jar,reference:file:/home/glefur/.m2/repository/p2/osgi/bundle/org.easymock/2.4.0.v20090202-0900/org.easymock-2.4.0.v20090202-0900.jar,reference:file:/home/glefur/Pro/repositories/org.eclipse.eef/tests/org.eclipse.emf.eef.tests.nonreg.junit,reference:file:/home/glefur/.m2/repository/p2/osgi/bundle/org.eclipse.compare.win32/1.0.200.v20120522-1148/org.eclipse.compare.win32-1.0.200.v20120522-1148.jar,reference:file:/home/glefur/.m2/repository/p2/osgi/bundle/org.eclipse.core.filesystem.win32.x86/1.1.300.v20120522-1137/org.eclipse.core.filesystem.win32.x86-1.1.300.v20120522-1137.jar,reference:file:/home/glefur/.m2/repository/p2/osgi/bundle/org.eclipse.core.net.win32.x86/1.0.100.v20120522-1148/org.eclipse.core.net.win32.x86-1.0.100.v20120522-1148.jar,reference:file:/home/glefur/.m2/repository/p2/osgi/bundle/org.eclipse.core.resources.win32.x86/3.5.100.v20120522-1137/org.eclipse.core.resources.win32.x86-3.5.100.v20120522-1137.jar,reference:file:/home/glefur/Pro/repositories/org.eclipse.eef/tests/org.eclipse.emf.eef.tests.nonreg.junit/target/work/plugins/org.eclipse.equinox.launcher.win32.win32.x86_1.1.200.v20120522-1813,reference:file:/home/glefur/.m2/repository/p2/osgi/bundle/org.eclipse.swt.win32.win32.x86/3.100.1.v4234e/org.eclipse.swt.win32.win32.x86-3.100.1.v4234e.jar,reference:file:/home/glefur/.m2/repository/p2/osgi/bundle/org.eclipse.equinox.security.win32.x86/1.0.300.v20120522-2049/org.eclipse.equinox.security.win32.x86-1.0.300.v20120522-2049.jar,reference:file:/home/glefur/.m2/repository/p2/osgi/bundle/org.eclipse.ui.win32/3.2.300.v20120820-200440/org.eclipse.ui.win32-3.2.300.v20120820-200440.jar,reference:file:/home/glefur/.m2/repository/p2/osgi/bundle/org.eclipse.core.filesystem.linux.x86_64/1.2.0.v20120522-1137/org.eclipse.core.filesystem.linux.x86_64-1.2.0.v20120522-1137.jar,reference:file:/home/glefur/.m2/repository/p2/osgi/bundle/org.eclipse.core.net.linux.x86_64/1.1.0.v20120522-1148/org.eclipse.core.net.linux.x86_64-1.1.0.v20120522-1148.jar,reference:file:/home/glefur/Pro/repositories/org.eclipse.eef/tests/org.eclipse.emf.eef.tests.nonreg.junit/target/work/plugins/org.eclipse.equinox.launcher.gtk.linux.x86_64_1.1.200.v20120522-1813,reference:file:/home/glefur/.m2/repository/p2/osgi/bundle/org.eclipse.swt.gtk.linux.x86_64/3.100.1.v4234e/org.eclipse.swt.gtk.linux.x86_64-3.100.1.v4234e.jar,reference:file:/home/glefur/.m2/repository/p2/osgi/bundle/org.eclipse.core.filesystem.win32.x86_64/1.1.300.v20120522-1137/org.eclipse.core.filesystem.win32.x86_64-1.1.300.v20120522-1137.jar,reference:file:/home/glefur/.m2/repository/p2/osgi/bundle/org.eclipse.core.net.win32.x86_64/1.0.100.v20120522-1148/org.eclipse.core.net.win32.x86_64-1.0.100.v20120522-1148.jar,reference:file:/home/glefur/Pro/repositories/org.eclipse.eef/tests/org.eclipse.emf.eef.tests.nonreg.junit/target/work/plugins/org.eclipse.equinox.launcher.win32.win32.x86_64_1.1.200.v20120522-1813,reference:file:/home/glefur/.m2/repository/p2/osgi/bundle/org.eclipse.swt.win32.win32.x86_64/3.100.1.v4234e/org.eclipse.swt.win32.win32.x86_64-3.100.1.v4234e.jar,reference:file:/home/glefur/.m2/repository/p2/osgi/bundle/org.eclipse.equinox.security.win32.x86_64/1.0.100.v20120522-2049/org.eclipse.equinox.security.win32.x86_64-1.0.100.v20120522-2049.jar,reference:file:/home/glefur/.m2/repository/p2/osgi/bundle/org.eclipse.core.filesystem.macosx/1.3.0.v20120522-1137/org.eclipse.core.filesystem.macosx-1.3.0.v20120522-1137.jar,reference:file:/home/glefur/Pro/repositories/org.eclipse.eef/tests/org.eclipse.emf.eef.tests.nonreg.junit/target/work/plugins/org.eclipse.equinox.launcher.cocoa.macosx.x86_64_1.1.200.v20120522-1813,reference:file:/home/glefur/.m2/repository/p2/osgi/bundle/org.eclipse.e4.ui.workbench.renderers.swt.cocoa/0.11.0.v20120716-173435/org.eclipse.e4.ui.workbench.renderers.swt.cocoa-0.11.0.v20120716-173435.jar,reference:file:/home/glefur/.m2/repository/p2/osgi/bundle/org.eclipse.swt.cocoa.macosx.x86_64/3.100.1.v4234e/org.eclipse.swt.cocoa.macosx.x86_64-3.100.1.v4234e.jar,reference:file:/home/glefur/.m2/repository/p2/osgi/bundle/org.eclipse.equinox.security.macosx/1.100.200.v20120522-2049/org.eclipse.equinox.security.macosx-1.100.200.v20120522-2049.jar,reference:file:/home/glefur/.m2/repository/p2/osgi/bundle/org.eclipse.jdt.launching.macosx/3.2.100.v20120523-1953/org.eclipse.jdt.launching.macosx-3.2.100.v20120523-1953.jar,reference:file:/home/glefur/.m2/repository/p2/osgi/bundle/org.eclipse.jdt.launching.ui.macosx/1.0.100.v20120523-1953/org.eclipse.jdt.launching.ui.macosx-1.0.100.v20120523-1953.jar,reference:file:/home/glefur/.m2/repository/org/eclipse/tycho/org.eclipse.tycho.surefire.osgibooter/0.14.1/org.eclipse.tycho.surefire.osgibooter-0.14.1.jar,reference:file:/home/glefur/.m2/repository/org/eclipse/tycho/org.eclipse.tycho.surefire.junit4/0.14.1/org.eclipse.tycho.surefire.junit4-0.14.1.jar"/>
    <property name="java.endorsed.dirs" value="/usr/lib/jvm/java-6-sun-1.6.0.26/jre/lib/endorsed"/>
    <property name="osgi.tracefile" value="/home/glefur/Pro/repositories/org.eclipse.eef/tests/org.eclipse.emf.eef.tests.nonreg.junit/target/work/data/.metadata/trace.log"/>
    <property name="sun.cpu.isalist" value=""/>
    <property name="sun.jnu.encoding" value="UTF-8"/>
    <property name="eclipse.application" value="org.eclipse.tycho.surefire.osgibooter.uitest"/>
    <property name="file.encoding.pkg" value="sun.io"/>
    <property name="org.osgi.framework.vendor" value="Eclipse"/>
    <property name="file.separator" value="/"/>
    <property name="java.specification.name" value="Java Platform API Specification"/>
    <property name="osgi.checkConfiguration" value="true"/>
    <property name="java.class.version" value="50.0"/>
    <property name="user.country" value="FR"/>
    <property name="osgi.configuration.cascaded" value="false"/>
    <property name="java.home" value="/usr/lib/jvm/java-6-sun-1.6.0.26/jre"/>
    <property name="osgi.os" value="linux"/>
    <property name="eclipse.commands" value="-data
/home/glefur/Pro/repositories/org.eclipse.eef/tests/org.eclipse.emf.eef.tests.nonreg.junit/target/work/data
-dev
file:/home/glefur/Pro/repositories/org.eclipse.eef/tests/org.eclipse.emf.eef.tests.nonreg.junit/target/dev.properties
-install
/home/glefur/Pro/repositories/org.eclipse.eef/tests/org.eclipse.emf.eef.tests.nonreg.junit/target/work
-configuration
/home/glefur/Pro/repositories/org.eclipse.eef/tests/org.eclipse.emf.eef.tests.nonreg.junit/target/work/configuration
-application
org.eclipse.tycho.surefire.osgibooter.uitest
-testproperties
/home/glefur/Pro/repositories/org.eclipse.eef/tests/org.eclipse.emf.eef.tests.nonreg.junit/target/surefire.properties
-testApplication
org.eclipse.ui.ide.workbench
-product
org.eclipse.sdk.ide
-nouithread
"/>
    <property name="java.vm.info" value="mixed mode"/>
    <property name="os.version" value="3.2.0-33-generic-pae"/>
    <property name="osgi.arch" value="x86"/>
    <property name="path.separator" value=":"/>
    <property name="java.vm.version" value="20.1-b02"/>
    <property name="org.osgi.supports.framework.fragment" value="true"/>
    <property name="osgi.framework.shape" value="jar"/>
    <property name="java.awt.printerjob" value="sun.print.PSPrinterJob"/>
    <property name="sun.io.unicode.encoding" value="UnicodeLittle"/>
    <property name="org.osgi.framework.version" value="1.7.0"/>
    <property name="osgi.dev" value="file:/home/glefur/Pro/repositories/org.eclipse.eef/tests/org.eclipse.emf.eef.tests.nonreg.junit/target/dev.properties"/>
    <property name="osgi.install.area" value="file:/home/glefur/Pro/repositories/org.eclipse.eef/tests/org.eclipse.emf.eef.tests.nonreg.junit/target/work/"/>
    <property name="osgi.framework" value="file:/home/glefur/.m2/repository/p2/osgi/bundle/org.eclipse.osgi/3.8.1.v20120830-144521/org.eclipse.osgi-3.8.1.v20120830-144521.jar"/>
    <property name="user.home" value="/home/glefur"/>
    <property name="osgi.bundlestore" value="/home/glefur/Pro/repositories/org.eclipse.eef/tests/org.eclipse.emf.eef.tests.nonreg.junit/target/work/configuration/org.eclipse.osgi/bundles"/>
    <property name="java.specification.vendor" value="Sun Microsystems Inc."/>
    <property name="osgi.nl" value="fr_FR"/>
    <property name="java.library.path" value="/usr/lib/jvm/java-6-sun-1.6.0.26/jre/lib/i386/server:/usr/lib/jvm/java-6-sun-1.6.0.26/jre/lib/i386:/usr/lib/jvm/java-6-sun-1.6.0.26/jre/../lib/i386:/usr/java/packages/lib/i386:/lib:/usr/lib"/>
    <property name="java.vendor.url" value="http://java.sun.com/"/>
    <property name="osgi.bundlefile.limit" value="100"/>
    <property name="eclipse.startTime" value="1354206375001"/>
    <property name="org.osgi.framework.os.version" value="3.2.0"/>
    <property name="java.vm.vendor" value="Sun Microsystems Inc."/>
    <property name="java.runtime.name" value="Java(TM) SE Runtime Environment"/>
    <property name="java.class.path" value="/home/glefur/.m2/repository/p2/osgi/bundle/org.eclipse.equinox.launcher/1.3.0.v20120522-1813/org.eclipse.equinox.launcher-1.3.0.v20120522-1813.jar"/>
    <property name="sun.java.command" value="/home/glefur/.m2/repository/p2/osgi/bundle/org.eclipse.equinox.launcher/1.3.0.v20120522-1813/org.eclipse.equinox.launcher-1.3.0.v20120522-1813.jar -data /home/glefur/Pro/repositories/org.eclipse.eef/tests/org.eclipse.emf.eef.tests.nonreg.junit/target/work/data -dev file:/home/glefur/Pro/repositories/org.eclipse.eef/tests/org.eclipse.emf.eef.tests.nonreg.junit/target/dev.properties -install /home/glefur/Pro/repositories/org.eclipse.eef/tests/org.eclipse.emf.eef.tests.nonreg.junit/target/work -configuration /home/glefur/Pro/repositories/org.eclipse.eef/tests/org.eclipse.emf.eef.tests.nonreg.junit/target/work/configuration -application org.eclipse.tycho.surefire.osgibooter.uitest -testproperties /home/glefur/Pro/repositories/org.eclipse.eef/tests/org.eclipse.emf.eef.tests.nonreg.junit/target/surefire.properties -testApplication org.eclipse.ui.ide.workbench -product org.eclipse.sdk.ide -nouithread"/>
    <property name="java.vm.specification.name" value="Java Virtual Machine Specification"/>
    <property name="java.vm.specification.version" value="1.0"/>
    <property name="sun.os.patch.level" value="unknown"/>
    <property name="sun.cpu.endian" value="little"/>
    <property name="gosh.args" value="--nointeractive"/>
    <property name="surefire.test.class.path" value=""/>
    <property name="java.io.tmpdir" value="/tmp"/>
    <property name="java.vendor.url.bug" value="http://java.sun.com/cgi-bin/bugreport.cgi"/>
    <property name="applicationXMI" value="org.eclipse.ui.workbench/LegacyIDE.e4xmi"/>
    <property name="eclipse.product" value="org.eclipse.sdk.ide"/>
    <property name="eclipse.home.location" value="file:/home/glefur/Pro/repositories/org.eclipse.eef/tests/org.eclipse.emf.eef.tests.nonreg.junit/target/work/"/>
    <property name="java.awt.graphicsenv" value="sun.awt.X11GraphicsEnvironment"/>
    <property name="os.arch" value="i386"/>
    <property name="java.ext.dirs" value="/usr/lib/jvm/java-6-sun-1.6.0.26/jre/lib/ext:/usr/java/packages/lib/ext"/>
    <property name="user.dir" value="/home/glefur/Pro/repositories/org.eclipse.eef/tests/org.eclipse.emf.eef.tests.nonreg.junit"/>
    <property name="org.osgi.supports.framework.requirebundle" value="true"/>
    <property name="line.separator" value="
"/>
    <property name="java.vm.name" value="Java HotSpot(TM) Server VM"/>
    <property name="file.encoding" value="UTF-8"/>
    <property name="osgi.framework.version" value="3.8.1.v20120830-144521"/>
    <property name="java.specification.version" value="1.6"/>
    <property name="org.osgi.framework.executionenvironment" value="OSGi/Minimum-1.0,OSGi/Minimum-1.1,OSGi/Minimum-1.2,JRE-1.1,J2SE-1.2,J2SE-1.3,J2SE-1.4,J2SE-1.5,JavaSE-1.6"/>
    <property name="osgi.configuration.area" value="file:/home/glefur/Pro/repositories/org.eclipse.eef/tests/org.eclipse.emf.eef.tests.nonreg.junit/target/work/configuration/"/>
    <property name="osgi.logfile" value="/home/glefur/Pro/repositories/org.eclipse.eef/tests/org.eclipse.emf.eef.tests.nonreg.junit/target/work/data/.metadata/.log"/>
  </properties>
  <testcase time="1.663" classname="org.eclipse.emf.eef.tests.nonreg.propertiesView.PViewMBotRedoSetReferenceAEOFCV" name="testModelingBot">
    <failure message="The modeling bot model contains errors, correct them first" type="java.lang.AssertionError">java.lang.AssertionError: The modeling bot model contains errors, correct them first
	at org.junit.Assert.fail(Assert.java:93)
	at org.junit.Assert.assertTrue(Assert.java:43)
	at org.eclipse.emf.eef.modelingBot.interpreter.EEFInterpreter.runModelingBot(EEFInterpreter.java:206)
	at org.eclipse.emf.eef.modelingBot.swtbot.SWTEEFBot.runModelingBot(SWTEEFBot.java:700)
	at org.eclipse.emf.eef.tests.nonreg.propertiesView.PViewMBotRedoSetReferenceAEOFCV.testModelingBot(PViewMBotRedoSetReferenceAEOFCV.java:19)
	at sun.reflect.NativeMethodAccessorImpl.invoke0(Native Method)
	at sun.reflect.NativeMethodAccessorImpl.invoke(NativeMethodAccessorImpl.java:39)
	at sun.reflect.DelegatingMethodAccessorImpl.invoke(DelegatingMethodAccessorImpl.java:25)
	at java.lang.reflect.Method.invoke(Method.java:597)
	at junit.framework.TestCase.runTest(TestCase.java:168)
	at junit.framework.TestCase.runBare(TestCase.java:134)
	at org.eclipse.swtbot.swt.finder.SWTBotTestCase.runBare(SWTBotTestCase.java:228)
	at junit.framework.TestResult$1.protect(TestResult.java:110)
	at junit.framework.TestResult.runProtected(TestResult.java:128)
	at junit.framework.TestResult.run(TestResult.java:113)
	at junit.framework.TestCase.run(TestCase.java:124)
	at junit.framework.TestSuite.runTest(TestSuite.java:243)
	at junit.framework.TestSuite.run(TestSuite.java:238)
	at org.junit.internal.runners.JUnit38ClassRunner.run(JUnit38ClassRunner.java:83)
	at org.apache.maven.surefire.junit4.JUnit4TestSet.execute(JUnit4TestSet.java:53)
	at org.apache.maven.surefire.junit4.JUnit4Provider.executeTestSet(JUnit4Provider.java:123)
	at org.apache.maven.surefire.junit4.JUnit4Provider.invoke(JUnit4Provider.java:104)
	at sun.reflect.NativeMethodAccessorImpl.invoke0(Native Method)
	at sun.reflect.NativeMethodAccessorImpl.invoke(NativeMethodAccessorImpl.java:39)
	at sun.reflect.DelegatingMethodAccessorImpl.invoke(DelegatingMethodAccessorImpl.java:25)
	at java.lang.reflect.Method.invoke(Method.java:597)
	at org.apache.maven.surefire.util.ReflectionUtils.invokeMethodWithArray(ReflectionUtils.java:164)
	at org.apache.maven.surefire.booter.ProviderFactory$ProviderProxy.invoke(ProviderFactory.java:110)
	at org.apache.maven.surefire.booter.SurefireStarter.invokeProvider(SurefireStarter.java:175)
	at org.apache.maven.surefire.booter.SurefireStarter.runSuitesInProcess(SurefireStarter.java:123)
	at org.eclipse.tycho.surefire.osgibooter.OsgiSurefireBooter.run(OsgiSurefireBooter.java:84)
	at org.eclipse.tycho.surefire.osgibooter.AbstractUITestApplication.runTests(AbstractUITestApplication.java:44)
	at org.eclipse.ui.internal.testing.WorkbenchTestable$1.run(WorkbenchTestable.java:71)
	at java.lang.Thread.run(Thread.java:662)
</failure>
    <system-out>Source: org.eclipse.emf.ecore - Message: Diagnosis of org.eclipse.emf.eef.modelingBot.impl.ModelingBotImpl@17be49d{platform:/plugin/org.eclipse.emf.eef.tests.nonreg.junit/models/propertiesView_nonreg/redoSetReferenceAEOFCV.modelingbot#/} - Ex:null
Source: org.eclipse.emf.ecore - Message: The feature &apos;propertiesEditionContext&apos; of &apos;org.eclipse.emf.eef.modelingBot.impl.ModelingBotImpl@17be49d{platform:/plugin/org.eclipse.emf.eef.tests.nonreg.junit/models/propertiesView_nonreg/redoSetReferenceAEOFCV.modelingbot#/}&apos; contains an unresolved proxy &apos;org.eclipse.emf.eef.components.impl.PropertiesEditionContextImpl@de1ffa{platform:/org.eclipse.emf.eef.tests.nonreg.edit/models/eefnr.components#_Fx_LAAwvEd-uP4lw9e0IMw}&apos; - Ex:null
Source: org.eclipse.emf.ecore - Message: The feature &apos;root&apos; of &apos;org.eclipse.emf.eef.modelingBot.EclipseActions.impl.CreateModelImpl@10586be{platform:/plugin/org.eclipse.emf.eef.tests.nonreg.junit/models/propertiesView_nonreg/redoSetReferenceAEOFCV.modelingbot#//@sequences.0/@processings.1}&apos; contains an unresolved proxy &apos;org.eclipse.emf.ecore.impl.EClassImpl@1d14966{platform:/org.eclipse.emf.eef.tests.nonreg/model/eefnr.ecore#//Root}&apos; - Ex:null
Source: org.eclipse.emf.ecore - Message: The feature &apos;type&apos; of &apos;org.eclipse.emf.eef.modelingBot.EEFActions.impl.AddImpl@129cc93{platform:/plugin/org.eclipse.emf.eef.tests.nonreg.junit/models/propertiesView_nonreg/redoSetReferenceAEOFCV.modelingbot#//@sequences.0/@processings.5/@processings.0}&apos; contains an unresolved proxy &apos;org.eclipse.emf.ecore.impl.EClassImpl@135cc9e{platform:/org.eclipse.emf.eef.tests.nonreg/model/eefnr.ecore#//AdvancedEObjectFlatComboViewerSample}&apos; - Ex:null
Source: org.eclipse.emf.ecore - Message: The feature &apos;eContainingFeature&apos; of &apos;org.eclipse.emf.eef.modelingBot.EEFActions.impl.AddImpl@129cc93{platform:/plugin/org.eclipse.emf.eef.tests.nonreg.junit/models/propertiesView_nonreg/redoSetReferenceAEOFCV.modelingbot#//@sequences.0/@processings.5/@processings.0}&apos; contains an unresolved proxy &apos;org.eclipse.emf.ecore.impl.EReferenceImpl@10cccfb{platform:/org.eclipse.emf.eef.tests.nonreg/model/eefnr.ecore#//Root/samples}&apos; - Ex:null
Source: org.eclipse.emf.ecore - Message: The feature &apos;type&apos; of &apos;org.eclipse.emf.eef.modelingBot.EEFActions.impl.AddImpl@1658ade{platform:/plugin/org.eclipse.emf.eef.tests.nonreg.junit/models/propertiesView_nonreg/redoSetReferenceAEOFCV.modelingbot#//@sequences.0/@processings.5/@processings.1}&apos; contains an unresolved proxy &apos;org.eclipse.emf.ecore.impl.EClassImpl@1802efb{platform:/org.eclipse.emf.eef.tests.nonreg/model/eefnr.ecore#//TotalSample}&apos; - Ex:null
Source: org.eclipse.emf.ecore - Message: The feature &apos;eContainingFeature&apos; of &apos;org.eclipse.emf.eef.modelingBot.EEFActions.impl.AddImpl@1658ade{platform:/plugin/org.eclipse.emf.eef.tests.nonreg.junit/models/propertiesView_nonreg/redoSetReferenceAEOFCV.modelingbot#//@sequences.0/@processings.5/@processings.1}&apos; contains an unresolved proxy &apos;org.eclipse.emf.ecore.impl.EReferenceImpl@8c8255{platform:/org.eclipse.emf.eef.tests.nonreg/model/eefnr.ecore#//Root/samples}&apos; - Ex:null
Source: org.eclipse.emf.ecore - Message: The feature &apos;propertiesEditionElement&apos; of &apos;org.eclipse.emf.eef.modelingBot.EEFActions.impl.SetReferenceImpl@c0bea2{platform:/plugin/org.eclipse.emf.eef.tests.nonreg.junit/models/propertiesView_nonreg/redoSetReferenceAEOFCV.modelingbot#//@sequences.0/@processings.5/@processings.2}&apos; contains an unresolved proxy &apos;org.eclipse.emf.eef.components.impl.PropertiesEditionElementImpl@2397b6{platform:/org.eclipse.emf.eef.tests.nonreg.edit/models/eefnr.components#_Fx_LPQwvEd-uP4lw9e0IMw}&apos; - Ex:null
Source: org.eclipse.emf.ecore - Message: The feature &apos;eContainingFeature&apos; of &apos;org.eclipse.emf.eef.modelingBot.EEFActions.impl.SetReferenceImpl@c0bea2{platform:/plugin/org.eclipse.emf.eef.tests.nonreg.junit/models/propertiesView_nonreg/redoSetReferenceAEOFCV.modelingbot#//@sequences.0/@processings.5/@processings.2}&apos; contains an unresolved proxy &apos;org.eclipse.emf.ecore.impl.EReferenceImpl@bd33f3{platform:/org.eclipse.emf.eef.tests.nonreg/model/eefnr.ecore#//AdvancedEObjectFlatComboViewerSample/advancedeobjectflatcomboviewerOptionalProperty}&apos; - Ex:null
</system-out>
  </testcase>
</testsuite>